# Logfile created on 2014-01-16 16:36:53 -0500 by logger.rb/31641
I, [2014-01-16T16:36:53.063008 #60026]  INFO -- : 0:  blankslate (2.1.2.4) from /usr/local/lib/ruby/gems/1.9.1/specifications/blankslate-2.1.2.4.gemspec
I, [2014-01-16T16:40:10.585426 #60026]  INFO -- : 0:  fast-stemmer (1.0.2) from /usr/local/lib/ruby/gems/1.9.1/specifications/fast-stemmer-1.0.2.gemspec
I, [2014-01-16T16:40:12.276933 #60026]  INFO -- : 0:  classifier (1.3.4) from /usr/local/lib/ruby/gems/1.9.1/specifications/classifier-1.3.4.gemspec
I, [2014-01-16T16:40:12.283797 #60026]  INFO -- : 0:  coffee-script-source (1.6.3) from /usr/local/lib/ruby/gems/1.9.1/specifications/coffee-script-source-1.6.3.gemspec
I, [2014-01-16T16:40:12.284598 #60026]  INFO -- : 0:  execjs (2.0.2) from /usr/local/lib/ruby/gems/1.9.1/specifications/execjs-2.0.2.gemspec
I, [2014-01-16T16:40:12.285162 #60026]  INFO -- : 0:  coffee-script (2.2.0) from /usr/local/lib/ruby/gems/1.9.1/specifications/coffee-script-2.2.0.gemspec
I, [2014-01-16T16:40:12.285632 #60026]  INFO -- : 0:  colorator (0.1) from /usr/local/lib/ruby/gems/1.9.1/specifications/colorator-0.1.gemspec
I, [2014-01-16T16:40:12.286312 #60026]  INFO -- : 0:  highline (1.6.20) from /usr/local/lib/ruby/gems/1.9.1/specifications/highline-1.6.20.gemspec
I, [2014-01-16T16:40:12.287060 #60026]  INFO -- : 0:  commander (4.1.5) from /usr/local/lib/ruby/gems/1.9.1/specifications/commander-4.1.5.gemspec
I, [2014-01-16T16:40:12.287800 #60026]  INFO -- : 0:  ffi (1.9.3) from /usr/local/lib/ruby/gems/1.9.1/specifications/ffi-1.9.3.gemspec
I, [2014-01-16T16:40:12.288516 #60026]  INFO -- : 0:  liquid (2.5.5) from /usr/local/lib/ruby/gems/1.9.1/specifications/liquid-2.5.5.gemspec
I, [2014-01-16T16:40:12.289129 #60026]  INFO -- : 0:  rb-fsevent (0.9.4) from /usr/local/lib/ruby/gems/1.9.1/specifications/rb-fsevent-0.9.4.gemspec
I, [2014-01-16T16:40:12.289614 #60026]  INFO -- : 0:  rb-inotify (0.9.3) from /usr/local/lib/ruby/gems/1.9.1/specifications/rb-inotify-0.9.3.gemspec
I, [2014-01-16T16:40:12.290235 #60026]  INFO -- : 0:  rb-kqueue (0.2.0) from /usr/local/lib/ruby/gems/1.9.1/specifications/rb-kqueue-0.2.0.gemspec
I, [2014-01-16T16:40:12.290730 #60026]  INFO -- : 0:  listen (1.3.1) from /usr/local/lib/ruby/gems/1.9.1/specifications/listen-1.3.1.gemspec
I, [2014-01-16T16:40:13.997754 #60026]  INFO -- : 0:  maruku (0.7.1) from /usr/local/lib/ruby/gems/1.9.1/specifications/maruku-0.7.1.gemspec
I, [2014-01-16T16:40:17.069998 #60026]  INFO -- : 0:  posix-spawn (0.3.8) from /usr/local/lib/ruby/gems/1.9.1/specifications/posix-spawn-0.3.8.gemspec
I, [2014-01-16T16:40:17.076941 #60026]  INFO -- : 0:  yajl-ruby (1.1.0) from /usr/local/lib/ruby/gems/1.9.1/specifications/yajl-ruby-1.1.0.gemspec
I, [2014-01-16T16:40:17.077481 #60026]  INFO -- : 0:  pygments.rb (0.5.4) from /usr/local/lib/ruby/gems/1.9.1/specifications/pygments.rb-0.5.4.gemspec
I, [2014-01-16T16:40:17.077902 #60026]  INFO -- : 0:  redcarpet (2.3.0) from /usr/local/lib/ruby/gems/1.9.1/specifications/redcarpet-2.3.0.gemspec
I, [2014-01-16T16:40:17.078304 #60026]  INFO -- : 0:  safe_yaml (0.9.7) from /usr/local/lib/ruby/gems/1.9.1/specifications/safe_yaml-0.9.7.gemspec
I, [2014-01-16T16:40:17.078697 #60026]  INFO -- : 0:  parslet (1.5.0) from /usr/local/lib/ruby/gems/1.9.1/specifications/parslet-1.5.0.gemspec
I, [2014-01-16T16:40:17.079102 #60026]  INFO -- : 0:  toml (0.1.0) from /usr/local/lib/ruby/gems/1.9.1/specifications/toml-0.1.0.gemspec
I, [2014-01-16T16:40:19.224510 #60026]  INFO -- : 0:  jekyll (1.4.3) from /usr/local/lib/ruby/gems/1.9.1/specifications/jekyll-1.4.3.gemspec
I, [2014-01-16T16:40:19.262176 #60026]  INFO -- : 0:  json (1.8.1) from /usr/local/lib/ruby/gems/1.9.1/specifications/json-1.8.1.gemspec
I, [2014-01-16T16:40:19.262786 #60026]  INFO -- : 0:  uglifier (2.4.0) from /usr/local/lib/ruby/gems/1.9.1/specifications/uglifier-2.4.0.gemspec
I, [2014-01-16T16:40:19.263193 #60026]  INFO -- : 0:  bundler (1.5.1) from /usr/local/lib/ruby/gems/1.9.1/specifications/bundler-1.5.1.gemspec
